Flow report for Brick_Breaker
Fri Nov 17 18:49:30 2023
Quartus Prime Version 18.1.0 Build 625 09/12/2018 SJ Lite Edition


---------------------
; Table of Contents ;
---------------------
  1. Legal Notice
  2. Flow Summary
  3. Flow Settings
  4. Flow Non-Default Global Settings
  5. Flow Elapsed Time
  6. Flow OS Summary
  7. Flow Log
  8. Flow Messages
  9. Flow Suppressed Messages



----------------
; Legal Notice ;
----------------
Copyright (C) 2018  Intel Corporation. All rights reserved.
Your use of Intel Corporation's design tools, logic functions 
and other software and tools, and its AMPP partner logic 
functions, and any output files from any of the foregoing 
(including device programming or simulation files), and any 
associated documentation or information are expressly subject 
to the terms and conditions of the Intel Program License 
Subscription Agreement, the Intel Quartus Prime License Agreement,
the Intel FPGA IP License Agreement, or other applicable license
agreement, including, without limitation, that your use is for
the sole purpose of programming logic devices manufactured by
Intel and sold by Intel or its authorized distributors.  Please
refer to the applicable agreement for further details.



+----------------------------------------------------------------------------------+
; Flow Summary                                                                     ;
+------------------------------------+---------------------------------------------+
; Flow Status                        ; Successful - Fri Nov 17 18:49:30 2023       ;
; Quartus Prime Version              ; 18.1.0 Build 625 09/12/2018 SJ Lite Edition ;
; Revision Name                      ; Brick_Breaker                               ;
; Top-level Entity Name              ; Brick_Breaker                               ;
; Family                             ; MAX 10                                      ;
; Device                             ; 10M50DAF484C7G                              ;
; Timing Models                      ; Final                                       ;
; Total logic elements               ; 171 / 49,760 ( < 1 % )                      ;
;     Total combinational functions  ; 171 / 49,760 ( < 1 % )                      ;
;     Dedicated logic registers      ; 101 / 49,760 ( < 1 % )                      ;
; Total registers                    ; 101                                         ;
; Total pins                         ; 135 / 360 ( 38 % )                          ;
; Total virtual pins                 ; 0                                           ;
; Total memory bits                  ; 0 / 1,677,312 ( 0 % )                       ;
; Embedded Multiplier 9-bit elements ; 0 / 288 ( 0 % )                             ;
; Total PLLs                         ; 1 / 4 ( 25 % )                              ;
; UFM blocks                         ; 0 / 1 ( 0 % )                               ;
; ADC blocks                         ; 0 / 2 ( 0 % )                               ;
+------------------------------------+---------------------------------------------+


+-----------------------------------------+
; Flow Settings                           ;
+-------------------+---------------------+
; Option            ; Setting             ;
+-------------------+---------------------+
; Start date & time ; 11/17/2023 18:49:01 ;
; Main task         ; Compilation         ;
; Revision Name     ; Brick_Breaker       ;
+-------------------+---------------------+


+--------------------------------------------------------------------------------------------------------------------------------+
; Flow Non-Default Global Settings                                                                                               ;
+--------------------------------------+----------------------------------------+---------------+-------------+------------------+
; Assignment Name                      ; Value                                  ; Default Value ; Entity Name ; Section Id       ;
+--------------------------------------+----------------------------------------+---------------+-------------+------------------+
; COMPILER_SIGNATURE_ID                ; 24720955360534.170027214120572         ; --            ; --          ; --               ;
; EDA_DESIGN_INSTANCE_NAME             ; NA                                     ; --            ; --          ; Brick_Breaker_TB ;
; EDA_NATIVELINK_SIMULATION_TEST_BENCH ; Brick_Breaker_TB                       ; --            ; --          ; eda_simulation   ;
; EDA_OUTPUT_DATA_FORMAT               ; Vhdl                                   ; --            ; --          ; eda_simulation   ;
; EDA_SIMULATION_TOOL                  ; ModelSim-Altera (VHDL)                 ; <None>        ; --          ; --               ;
; EDA_TEST_BENCH_ENABLE_STATUS         ; TEST_BENCH_MODE                        ; --            ; --          ; eda_simulation   ;
; EDA_TEST_BENCH_FILE                  ; Brick_Breaker_TB.vhd                   ; --            ; --          ; Brick_Breaker_TB ;
; EDA_TEST_BENCH_MODULE_NAME           ; Brick_Breaker_TB                       ; --            ; --          ; Brick_Breaker_TB ;
; EDA_TEST_BENCH_NAME                  ; Brick_Breaker_TB                       ; --            ; --          ; eda_simulation   ;
; EDA_TIME_SCALE                       ; 1 ps                                   ; --            ; --          ; eda_simulation   ;
; MAX_CORE_JUNCTION_TEMP               ; 85                                     ; --            ; --          ; --               ;
; MIN_CORE_JUNCTION_TEMP               ; 0                                      ; --            ; --          ; --               ;
; MISC_FILE                            ; VGA_PLL_inst.vhd                       ; --            ; --          ; --               ;
; MISC_FILE                            ; VGA_PLL.cmp                            ; --            ; --          ; --               ;
; MISC_FILE                            ; VGA_PLL.ppf                            ; --            ; --          ; --               ;
; PARTITION_COLOR                      ; -- (Not supported for targeted family) ; --            ; --          ; Top              ;
; PARTITION_FITTER_PRESERVATION_LEVEL  ; -- (Not supported for targeted family) ; --            ; --          ; Top              ;
; PARTITION_NETLIST_TYPE               ; -- (Not supported for targeted family) ; --            ; --          ; Top              ;
; POWER_BOARD_THERMAL_MODEL            ; None (CONSERVATIVE)                    ; --            ; --          ; --               ;
; POWER_PRESET_COOLING_SOLUTION        ; 23 MM HEAT SINK WITH 200 LFPM AIRFLOW  ; --            ; --          ; --               ;
+--------------------------------------+----------------------------------------+---------------+-------------+------------------+


+--------------------------------------------------------------------------------------------------------------------------+
; Flow Elapsed Time                                                                                                        ;
+----------------------+--------------+-------------------------+---------------------+------------------------------------+
; Module Name          ; Elapsed Time ; Average Processors Used ; Peak Virtual Memory ; Total CPU Time (on all processors) ;
+----------------------+--------------+-------------------------+---------------------+------------------------------------+
; Analysis & Synthesis ; 00:00:11     ; 1.0                     ; 4869 MB             ; 00:00:06                           ;
; Fitter               ; 00:00:08     ; 1.1                     ; 6613 MB             ; 00:00:06                           ;
; Assembler            ; 00:00:03     ; 1.0                     ; 4690 MB             ; 00:00:02                           ;
; Timing Analyzer      ; 00:00:03     ; 1.3                     ; 4968 MB             ; 00:00:02                           ;
; EDA Netlist Writer   ; 00:00:00     ; 1.0                     ; 4650 MB             ; 00:00:00                           ;
; Total                ; 00:00:25     ; --                      ; --                  ; 00:00:16                           ;
+----------------------+--------------+-------------------------+---------------------+------------------------------------+


+------------------------------------------------------------------------------------+
; Flow OS Summary                                                                    ;
+----------------------+------------------+------------+------------+----------------+
; Module Name          ; Machine Hostname ; OS Name    ; OS Version ; Processor type ;
+----------------------+------------------+------------+------------+----------------+
; Analysis & Synthesis ; reiss-laptop     ; Windows 10 ; 10.0       ; x86_64         ;
; Fitter               ; reiss-laptop     ; Windows 10 ; 10.0       ; x86_64         ;
; Assembler            ; reiss-laptop     ; Windows 10 ; 10.0       ; x86_64         ;
; Timing Analyzer      ; reiss-laptop     ; Windows 10 ; 10.0       ; x86_64         ;
; EDA Netlist Writer   ; reiss-laptop     ; Windows 10 ; 10.0       ; x86_64         ;
+----------------------+------------------+------------+------------+----------------+


------------
; Flow Log ;
------------
quartus_map --read_settings_files=on --write_settings_files=off Brick_Breaker -c Brick_Breaker
quartus_fit --read_settings_files=off --write_settings_files=off Brick_Breaker -c Brick_Breaker
quartus_asm --read_settings_files=off --write_settings_files=off Brick_Breaker -c Brick_Breaker
quartus_sta Brick_Breaker -c Brick_Breaker
quartus_eda --read_settings_files=off --write_settings_files=off Brick_Breaker -c Brick_Breaker



